<?xml version="1.0" encoding="UTF-8" ?>
<testsuite tests="2" failures="0" name="com.yang.UserTest" time="0.141" errors="0" skipped="0">
  <properties>
    <property name="idea.version" value="2021.1.3"/>
    <property name="java.runtime.name" value="Java(TM) SE Runtime Environment"/>
    <property name="java.vm.version" value="15.0.2+7-27"/>
    <property name="sun.boot.library.path" value="C:\Program Files\Java\jdk-15.0.2\bin"/>
    <property name="maven.multiModuleProjectDirectory" value="D:\Programs\Java\cinema-system"/>
    <property name="java.vm.vendor" value="Oracle Corporation"/>
    <property name="java.vendor.url" value="https://java.oracle.com/"/>
    <property name="guice.disable.misplaced.annotation.check" value="true"/>
    <property name="path.separator" value=";"/>
    <property name="java.vm.name" value="Java HotSpot(TM) 64-Bit Server VM"/>
    <property name="sun.os.patch.level" value=""/>
    <property name="user.script" value=""/>
    <property name="user.country" value="CN"/>
    <property name="sun.java.launcher" value="SUN_STANDARD"/>
    <property name="java.vm.specification.name" value="Java Virtual Machine Specification"/>
    <property name="user.dir" value="D:\Programs\Java\cinema-system"/>
    <property name="java.vm.compressedOopsMode" value="Zero based"/>
    <property name="java.runtime.version" value="15.0.2+7-27"/>
    <property name="os.arch" value="amd64"/>
    <property name="java.io.tmpdir" value="C:\Users\13474\AppData\Local\Temp\"/>
    <property name="line.separator" value="
"/>
    <property name="java.vm.specification.vendor" value="Oracle Corporation"/>
    <property name="user.variant" value=""/>
    <property name="os.name" value="Windows 10"/>
    <property name="maven.ext.class.path" value="D:\Programs\Development kit\IntelliJ IDEA 2021.1.2\plugins\maven\lib\maven-event-listener.jar"/>
    <property name="classworlds.conf" value="D:\Programs\Development kit\IntelliJ IDEA 2021.1.2\plugins\maven\lib\maven3\bin\m2.conf"/>
    <property name="sun.jnu.encoding" value="GBK"/>
    <property name="java.library.path" value="C:\Program Files\Java\jdk-15.0.2\bin;C:\WINDOWS\Sun\Java\bin;C:\WINDOWS\system32;C:\WINDOWS;C:\Program Files\Common Files\Oracle\Java\javapath;C:\WINDOWS\system32;C:\WINDOWS;C:\WINDOWS\System32\Wbem;C:\WINDOWS\System32\WindowsPowerShell\v1.0\;C:\WINDOWS\System32\OpenSSH\;C:\Program Files (x86)\NVIDIA Corporation\PhysX\Common;C:\Program Files\Java\jdk-15.0.2\bin;C:\Program Files\Java\jdk-15.0.2\jre\bin;C:\Program Files\NVIDIA Corporation\NVIDIA NvDLISR;C:\Program Files\nodejs\;D:\Programs\Development kit\Git\cmd;%MAVEN_HOME%\bin;D:\Programs\Development kit\Xfpt\;C:\Program Files\dotnet\;C:\WINDOWS\system32;C:\WINDOWS;C:\WINDOWS\System32\Wbem;C:\WINDOWS\System32\WindowsPowerShell\v1.0\;C:\WINDOWS\System32\OpenSSH\;C:\Program Files\MySQL\MySQL Shell 8.0\bin\;C:\Users\13474\AppData\Local\Programs\Python\Python39\Scripts\;C:\Users\13474\AppData\Local\Programs\Python\Python39\;C:\Users\13474\AppData\Local\Microsoft\WindowsApps;C:\Users\13474\.dotnet\tools;D:\Programs\Development kit\IntelliJ IDEA 2020.3.2\bin;C:\Users\13474\AppData\Roaming\npm;C:\Program Files\nodejs\node_modules\npm;C:\Program Files\MySQL\MySQL Server 8.0\bin;D:\Programs\Development kit\Microsoft VS Code\bin;%MAVEN_HOME%\bin;;D:\Programs\Development kit\Fiddler;C:\Users\13474\.dotnet\tools;D:\Programs\Development kit\IntelliJ IDEA 2021.1.2\bin;;C:\Users\13474\AppData\Local\Microsoft\WindowsApps;."/>
    <property name="maven.conf" value="D:\Programs\Development kit\IntelliJ IDEA 2021.1.2\plugins\maven\lib\maven3/conf"/>
    <property name="jdk.debug" value="release"/>
    <property name="java.class.version" value="59.0"/>
    <property name="java.specification.name" value="Java Platform API Specification"/>
    <property name="sun.management.compiler" value="HotSpot 64-Bit Tiered Compilers"/>
    <property name="os.version" value="10.0"/>
    <property name="user.home" value="C:\Users\13474"/>
    <property name="user.timezone" value="Asia/Shanghai"/>
    <property name="file.encoding" value="UTF-8"/>
    <property name="java.specification.version" value="15"/>
    <property name="user.name" value="13474"/>
    <property name="java.class.path" value="D:\Programs\Development kit\IntelliJ IDEA 2021.1.2\plugins\maven\lib\maven3\boot\plexus-classworlds-2.6.0.jar;D:\Programs\Development kit\IntelliJ IDEA 2021.1.2\plugins\maven\lib\maven3\boot\plexus-classworlds.license"/>
    <property name="java.vm.specification.version" value="15"/>
    <property name="sun.arch.data.model" value="64"/>
    <property name="sun.java.command" value="org.codehaus.classworlds.Launcher -Didea.version=2021.1.3 package"/>
    <property name="java.home" value="C:\Program Files\Java\jdk-15.0.2"/>
    <property name="user.language" value="zh"/>
    <property name="java.specification.vendor" value="Oracle Corporation"/>
    <property name="java.vm.info" value="mixed mode, sharing"/>
    <property name="java.version" value="15.0.2"/>
    <property name="java.vendor" value="Oracle Corporation"/>
    <property name="maven.home" value="D:\Programs\Development kit\IntelliJ IDEA 2021.1.2\plugins\maven\lib\maven3"/>
    <property name="file.separator" value="\"/>
    <property name="java.version.date" value="2021-01-19"/>
    <property name="java.vendor.url.bug" value="https://bugreport.java.com/bugreport/"/>
    <property name="sun.io.unicode.encoding" value="UnicodeLittle"/>
    <property name="sun.cpu.endian" value="little"/>
    <property name="sun.cpu.isalist" value="amd64"/>
  </properties>
  <testcase classname="com.yang.UserTest" name="selectUser" time="0.079"/>
  <testcase classname="com.yang.UserTest" name="selectAllUsers" time="0.062"/>
</testsuite>